2025-05-01T00:01:19.150+01:00  INFO 39884 --- [SpringApplicationShutdownHook] org.quartz.core.QuartzScheduler          : Scheduler quartzScheduler_$_NON_CLUSTERED paused.
2025-05-01T00:01:19.153+01:00  INFO 39884 --- [SpringApplicationShutdownHook] o.s.b.w.e.tomcat.GracefulShutdown        : Commencing graceful shutdown. Waiting for active requests to complete
2025-05-01T00:01:19.156+01:00  INFO 39884 --- [tomcat-shutdown] o.s.b.w.e.tomcat.GracefulShutdown        : Graceful shutdown complete
2025-05-01T00:01:19.157+01:00  INFO 39884 --- [SpringApplicationShutdownHook] o.s.s.quartz.SchedulerFactoryBean        : Shutting down Quartz Scheduler
2025-05-01T00:01:19.157+01:00  INFO 39884 --- [SpringApplicationShutdownHook] org.quartz.core.QuartzScheduler          : Scheduler quartzScheduler_$_NON_CLUSTERED shutting down.
2025-05-01T00:01:19.157+01:00  INFO 39884 --- [SpringApplicationShutdownHook] org.quartz.core.QuartzScheduler          : Scheduler quartzScheduler_$_NON_CLUSTERED paused.
2025-05-01T00:01:19.157+01:00  INFO 39884 --- [SpringApplicationShutdownHook] org.quartz.core.QuartzScheduler          : Scheduler quartzScheduler_$_NON_CLUSTERED shutdown complete.
2025-05-01T00:01:19.158+01:00  INFO 39884 --- [SpringApplicationShutdownHook] j.LocalContainerEntityManagerFactoryBean : Closing JPA EntityManagerFactory for persistence unit 'default'
2025-05-01T00:01:19.160+01:00  INFO 39884 --- [SpringApplicationShutdownHook] com.zaxxer.hikari.HikariDataSource       : HikariPool-1 - Shutdown initiated...
2025-05-01T00:01:19.164+01:00  INFO 39884 --- [SpringApplicationShutdownHook] com.zaxxer.hikari.HikariDataSource       : HikariPool-1 - Shutdown completed.
2025-05-01T00:01:21.864+01:00  INFO 39992 --- [main] u.a.n.t.Team5ProjectApplication          : Starting Team5ProjectApplication using Java 21.0.7 with PID 39992 (C:\Users\vans\Downloads\BackEnd-Merge6 (new）\BackEnd-Merge6\target\classes started by vans in C:\Users\vans\Downloads\BackEnd-Merge6 (new）\BackEnd-Merge6)
2025-05-01T00:01:21.866+01:00 DEBUG 39992 --- [main] u.a.n.t.Team5ProjectApplication          : Running with Spring Boot v3.4.4, Spring v6.2.5
2025-05-01T00:01:21.866+01:00  INFO 39992 --- [main] u.a.n.t.Team5ProjectApplication          : No active profile set, falling back to 1 default profile: "default"
2025-05-01T00:01:22.247+01:00  INFO 39992 --- [main] .s.d.r.c.RepositoryConfigurationDelegate : Bootstrapping Spring Data JPA repositories in DEFAULT mode.
2025-05-01T00:01:22.292+01:00  INFO 39992 --- [main] .s.d.r.c.RepositoryConfigurationDelegate : Finished Spring Data repository scanning in 40 ms. Found 2 JPA repository interfaces.
2025-05-01T00:01:22.352+01:00  WARN 39992 --- [main] o.m.s.mapper.ClassPathMapperScanner      : Skipping MapperFactoryBean with name 'adminMapper' and 'uk.ac.ncl.team5project.mapper.AdminMapper' mapperInterface. Bean already defined with the same name!
2025-05-01T00:01:22.352+01:00  WARN 39992 --- [main] o.m.s.mapper.ClassPathMapperScanner      : Skipping MapperFactoryBean with name 'authorMapper' and 'uk.ac.ncl.team5project.mapper.AuthorMapper' mapperInterface. Bean already defined with the same name!
2025-05-01T00:01:22.352+01:00  WARN 39992 --- [main] o.m.s.mapper.ClassPathMapperScanner      : Skipping MapperFactoryBean with name 'basketMapper' and 'uk.ac.ncl.team5project.mapper.BasketMapper' mapperInterface. Bean already defined with the same name!
2025-05-01T00:01:22.352+01:00  WARN 39992 --- [main] o.m.s.mapper.ClassPathMapperScanner      : Skipping MapperFactoryBean with name 'bookMapper' and 'uk.ac.ncl.team5project.mapper.BookMapper' mapperInterface. Bean already defined with the same name!
2025-05-01T00:01:22.352+01:00  WARN 39992 --- [main] o.m.s.mapper.ClassPathMapperScanner      : Skipping MapperFactoryBean with name 'reviewMapper' and 'uk.ac.ncl.team5project.mapper.ReviewMapper' mapperInterface. Bean already defined with the same name!
2025-05-01T00:01:22.352+01:00  WARN 39992 --- [main] o.m.s.mapper.ClassPathMapperScanner      : Skipping MapperFactoryBean with name 'userMapper' and 'uk.ac.ncl.team5project.mapper.UserMapper' mapperInterface. Bean already defined with the same name!
2025-05-01T00:01:22.352+01:00  WARN 39992 --- [main] o.m.s.mapper.ClassPathMapperScanner      : Skipping MapperFactoryBean with name 'wishlistMapper' and 'uk.ac.ncl.team5project.mapper.WishlistMapper' mapperInterface. Bean already defined with the same name!
2025-05-01T00:01:22.352+01:00  WARN 39992 --- [main] o.m.s.mapper.ClassPathMapperScanner      : No MyBatis mapper was found in '[uk.ac.ncl.team5project.mapper]' package. Please check your configuration.
2025-05-01T00:01:22.578+01:00  INFO 39992 --- [main] o.s.b.w.embedded.tomcat.TomcatWebServer  : Tomcat initialized with port 8080 (http)
2025-05-01T00:01:22.586+01:00  INFO 39992 --- [main] o.apache.catalina.core.StandardService   : Starting service [Tomcat]
2025-05-01T00:01:22.586+01:00  INFO 39992 --- [main] o.apache.catalina.core.StandardEngine    : Starting Servlet engine: [Apache Tomcat/10.1.39]
2025-05-01T00:01:22.625+01:00  INFO 39992 --- [main] o.a.c.c.C.[Tomcat].[localhost].[/]       : Initializing Spring embedded WebApplicationContext
2025-05-01T00:01:22.625+01:00  INFO 39992 --- [main] w.s.c.ServletWebServerApplicationContext : Root WebApplicationContext: initialization completed in 730 ms
2025-05-01T00:01:22.652+01:00 DEBUG 39992 --- [main] u.a.n.t.config.JwtAuthenticationFilter   : Filter 'jwtAuthenticationFilter' configured for use
2025-05-01T00:01:22.710+01:00  INFO 39992 --- [main] o.hibernate.jpa.internal.util.LogHelper  : HHH000204: Processing PersistenceUnitInfo [name: default]
2025-05-01T00:01:22.735+01:00  INFO 39992 --- [main] org.hibernate.Version                    : HHH000412: Hibernate ORM core version 6.6.11.Final
2025-05-01T00:01:22.751+01:00  INFO 39992 --- [main] o.h.c.internal.RegionFactoryInitiator    : HHH000026: Second-level cache disabled
2025-05-01T00:01:22.905+01:00  INFO 39992 --- [main] o.s.o.j.p.SpringPersistenceUnitInfo      : No LoadTimeWeaver setup: ignoring JPA class transformer
2025-05-01T00:01:22.920+01:00  INFO 39992 --- [main] com.zaxxer.hikari.HikariDataSource       : HikariPool-1 - Starting...
2025-05-01T00:01:23.861+01:00  INFO 39992 --- [main] com.zaxxer.hikari.pool.HikariPool        : HikariPool-1 - Added connection com.mysql.cj.jdbc.ConnectionImpl@5c79c5ec
2025-05-01T00:01:23.862+01:00  INFO 39992 --- [main] com.zaxxer.hikari.HikariDataSource       : HikariPool-1 - Start completed.
2025-05-01T00:01:23.972+01:00  WARN 39992 --- [main] org.hibernate.dialect.Dialect            : HHH000511: The 8.3.0 version for [org.hibernate.dialect.MariaDBDialect] is no longer supported, hence certain features may not work properly. The minimum supported version is 10.4.0. Check the community dialects project for available legacy versions.
2025-05-01T00:01:23.974+01:00  WARN 39992 --- [main] org.hibernate.orm.deprecation            : HHH90000025: MariaDBDialect does not need to be specified explicitly using 'hibernate.dialect' (remove the property setting and it will be selected by default)
2025-05-01T00:01:23.983+01:00  INFO 39992 --- [main] org.hibernate.orm.connections.pooling    : HHH10001005: Database info:
	Database JDBC URL [Connecting through datasource 'HikariDataSource (HikariPool-1)']
	Database driver: undefined/unknown
	Database version: 8.3
	Autocommit mode: undefined/unknown
	Isolation level: undefined/unknown
	Minimum pool size: undefined/unknown
	Maximum pool size: undefined/unknown
2025-05-01T00:01:24.386+01:00  INFO 39992 --- [main] o.h.e.t.j.p.i.JtaPlatformInitiator       : HHH000489: No JTA platform available (set 'hibernate.transaction.jta.platform' to enable JTA platform integration)
2025-05-01T00:01:24.387+01:00  INFO 39992 --- [main] j.LocalContainerEntityManagerFactoryBean : Initialized JPA EntityManagerFactory for persistence unit 'default'
2025-05-01T00:01:24.724+01:00  INFO 39992 --- [main] o.s.d.j.r.query.QueryEnhancerFactory     : JSqlParser is in classpath; If applicable, JSqlParser will be used.
2025-05-01T00:01:24.724+01:00  INFO 39992 --- [main] o.s.d.j.r.query.QueryEnhancerFactory     : Hibernate is in classpath; If applicable, HQL parser will be used.
2025-05-01T00:01:25.187+01:00  WARN 39992 --- [main] JpaBaseConfiguration$JpaWebConfiguration : spring.jpa.open-in-view is enabled by default. Therefore, database queries may be performed during view rendering. Explicitly configure spring.jpa.open-in-view to disable this warning
2025-05-01T00:01:25.196+01:00  WARN 39992 --- [main] .s.s.UserDetailsServiceAutoConfiguration : 

Using generated security password: 718633fa-2014-409a-966e-bab6f38456e4

This generated password is for development use only. Your security configuration must be updated before running your application in production.

2025-05-01T00:01:25.207+01:00  INFO 39992 --- [main] r$InitializeUserDetailsManagerConfigurer : Global AuthenticationManager configured with UserDetailsService bean with name inMemoryUserDetailsManager
2025-05-01T00:01:25.466+01:00  WARN 39992 --- [main] o.s.b.a.f.FreeMarkerAutoConfiguration    : Cannot find template location: [classpath:/templates/] (please add some templates, check your FreeMarker configuration, or set spring.freemarker.check-template-location=false)
2025-05-01T00:01:25.493+01:00  INFO 39992 --- [main] org.quartz.impl.StdSchedulerFactory      : Using default implementation for ThreadExecutor
2025-05-01T00:01:25.499+01:00  INFO 39992 --- [main] org.quartz.core.SchedulerSignalerImpl    : Initialized Scheduler Signaller of type: class org.quartz.core.SchedulerSignalerImpl
2025-05-01T00:01:25.499+01:00  INFO 39992 --- [main] org.quartz.core.QuartzScheduler          : Quartz Scheduler v.2.3.2 created.
2025-05-01T00:01:25.500+01:00  INFO 39992 --- [main] org.quartz.simpl.RAMJobStore             : RAMJobStore initialized.
2025-05-01T00:01:25.500+01:00  INFO 39992 --- [main] org.quartz.core.QuartzScheduler          : Scheduler meta-data: Quartz Scheduler (v2.3.2) 'quartzScheduler' with instanceId 'NON_CLUSTERED'
  Scheduler class: 'org.quartz.core.QuartzScheduler' - running locally.
  NOT STARTED.
  Currently in standby mode.
  Number of jobs executed: 0
  Using thread pool 'org.quartz.simpl.SimpleThreadPool' - with 10 threads.
  Using job-store 'org.quartz.simpl.RAMJobStore' - which does not support persistence. and is not clustered.

2025-05-01T00:01:25.500+01:00  INFO 39992 --- [main] org.quartz.impl.StdSchedulerFactory      : Quartz scheduler 'quartzScheduler' initialized from an externally provided properties instance.
2025-05-01T00:01:25.500+01:00  INFO 39992 --- [main] org.quartz.impl.StdSchedulerFactory      : Quartz scheduler version: 2.3.2
2025-05-01T00:01:25.500+01:00  INFO 39992 --- [main] org.quartz.core.QuartzScheduler          : JobFactory set to: org.springframework.scheduling.quartz.SpringBeanJobFactory@1793ed9d
2025-05-01T00:01:25.528+01:00  INFO 39992 --- [main] o.s.b.w.embedded.tomcat.TomcatWebServer  : Tomcat started on port 8080 (http) with context path '/'
2025-05-01T00:01:25.529+01:00  INFO 39992 --- [main] o.s.s.quartz.SchedulerFactoryBean        : Starting Quartz Scheduler now
2025-05-01T00:01:25.529+01:00  INFO 39992 --- [main] org.quartz.core.QuartzScheduler          : Scheduler quartzScheduler_$_NON_CLUSTERED started.
2025-05-01T00:01:25.532+01:00  INFO 39992 --- [main] u.a.n.t.Team5ProjectApplication          : Started Team5ProjectApplication in 3.94 seconds (process running for 4.287)
2025-05-01T00:01:35.433+01:00  INFO 39992 --- [http-nio-8080-exec-1] o.a.c.c.C.[Tomcat].[localhost].[/]       : Initializing Spring DispatcherServlet 'dispatcherServlet'
2025-05-01T00:01:35.434+01:00  INFO 39992 --- [http-nio-8080-exec-1] o.s.web.servlet.DispatcherServlet        : Initializing Servlet 'dispatcherServlet'
2025-05-01T00:01:35.434+01:00  INFO 39992 --- [http-nio-8080-exec-1] o.s.web.servlet.DispatcherServlet        : Completed initialization in 0 ms
2025-05-01T00:01:35.454+01:00 DEBUG 39992 --- [http-nio-8080-exec-1] u.a.n.t.config.JwtAuthenticationFilter   : Parsing JWT from Authorization header: null
2025-05-01T00:01:35.455+01:00 DEBUG 39992 --- [http-nio-8080-exec-1] u.a.n.t.config.JwtAuthenticationFilter   : Received request for URL: http://localhost:8080/v1/users/me
2025-05-01T00:01:35.455+01:00 DEBUG 39992 --- [http-nio-8080-exec-1] u.a.n.t.config.JwtAuthenticationFilter   : Authorization header: null
2025-05-01T00:01:35.455+01:00 DEBUG 39992 --- [http-nio-8080-exec-1] u.a.n.t.config.JwtAuthenticationFilter   : No JWT token found in request
2025-05-01T00:01:35.472+01:00 DEBUG 39992 --- [http-nio-8080-exec-4] u.a.n.t.config.JwtAuthenticationFilter   : Parsing JWT from Authorization header: Bearer eyJhbGciOiJIUzUxMiJ9.eyJzdWIiOiIxMUAxMS5jb20iLCJyb2xlIjoidXNlciIsImlhdCI6MTc0NjA1Mzk5MywiZXhwIjoxNzQ2MTQwMzkzfQ.ruvjFyCGqCeAqBGt-x1Ka3ltN06qzOYxC6SnOjL0zwcC5gaRQXgA8coT3N8ZQnTylKxTgCMGkp8BB4_7yvAjKw
2025-05-01T00:01:35.472+01:00 DEBUG 39992 --- [http-nio-8080-exec-4] u.a.n.t.config.JwtAuthenticationFilter   : Received request for URL: http://localhost:8080/v1/users/me
2025-05-01T00:01:35.472+01:00 DEBUG 39992 --- [http-nio-8080-exec-4] u.a.n.t.config.JwtAuthenticationFilter   : Authorization header: Bearer eyJhbGciOiJIUzUxMiJ9.eyJzdWIiOiIxMUAxMS5jb20iLCJyb2xlIjoidXNlciIsImlhdCI6MTc0NjA1Mzk5MywiZXhwIjoxNzQ2MTQwMzkzfQ.ruvjFyCGqCeAqBGt-x1Ka3ltN06qzOYxC6SnOjL0zwcC5gaRQXgA8coT3N8ZQnTylKxTgCMGkp8BB4_7yvAjKw
2025-05-01T00:01:35.472+01:00 DEBUG 39992 --- [http-nio-8080-exec-4] u.a.n.t.config.JwtAuthenticationFilter   : JWT token found: eyJhbGciOiJIUzUxMiJ9.eyJzdWIiOiIxMUAxMS5jb20iLCJyb2xlIjoidXNlciIsImlhdCI6MTc0NjA1Mzk5MywiZXhwIjoxNzQ2MTQwMzkzfQ.ruvjFyCGqCeAqBGt-x1Ka3ltN06qzOYxC6SnOjL0zwcC5gaRQXgA8coT3N8ZQnTylKxTgCMGkp8BB4_7yvAjKw
2025-05-01T00:01:35.500+01:00 DEBUG 39992 --- [http-nio-8080-exec-4] uk.ac.ncl.team5project.util.JwtUtil      : JWT token validation successful
2025-05-01T00:01:35.501+01:00 DEBUG 39992 --- [http-nio-8080-exec-4] uk.ac.ncl.team5project.util.JwtUtil      : Extracted username from token: 11@11.com
2025-05-01T00:01:35.501+01:00 DEBUG 39992 --- [http-nio-8080-exec-4] uk.ac.ncl.team5project.util.JwtUtil      : Extracted role from token: user
2025-05-01T00:01:35.501+01:00 DEBUG 39992 --- [http-nio-8080-exec-4] u.a.n.t.config.JwtAuthenticationFilter   : Valid JWT token - Username: 11@11.com, Role: user
2025-05-01T00:01:35.502+01:00 DEBUG 39992 --- [http-nio-8080-exec-4] u.a.n.t.config.JwtAuthenticationFilter   : Authentication set in SecurityContext
2025-05-01T00:03:38.500+01:00 DEBUG 39992 --- [http-nio-8080-exec-7] u.a.n.t.config.JwtAuthenticationFilter   : Parsing JWT from Authorization header: Bearer eyJhbGciOiJIUzUxMiJ9.eyJzdWIiOiIxMTFAMTEuY29tIiwicm9sZSI6InVzZXIiLCJpYXQiOjE3NDUwNjkyMzYsImV4cCI6MTc0NTE1NTYzNn0.UaxKc_uzNFt7qiRFgOolgJFLx-IcZD9smPIB9Asq8h-FQ2A930ggzAcXqU6wco1M1K7OMk_MV_WdxjUZwycXSA
2025-05-01T00:03:38.501+01:00 DEBUG 39992 --- [http-nio-8080-exec-7] u.a.n.t.config.JwtAuthenticationFilter   : Received request for URL: http://localhost:8080/v1/users/me
2025-05-01T00:03:38.501+01:00 DEBUG 39992 --- [http-nio-8080-exec-7] u.a.n.t.config.JwtAuthenticationFilter   : Authorization header: Bearer eyJhbGciOiJIUzUxMiJ9.eyJzdWIiOiIxMTFAMTEuY29tIiwicm9sZSI6InVzZXIiLCJpYXQiOjE3NDUwNjkyMzYsImV4cCI6MTc0NTE1NTYzNn0.UaxKc_uzNFt7qiRFgOolgJFLx-IcZD9smPIB9Asq8h-FQ2A930ggzAcXqU6wco1M1K7OMk_MV_WdxjUZwycXSA
2025-05-01T00:03:38.501+01:00 DEBUG 39992 --- [http-nio-8080-exec-7] u.a.n.t.config.JwtAuthenticationFilter   : JWT token found: eyJhbGciOiJIUzUxMiJ9.eyJzdWIiOiIxMTFAMTEuY29tIiwicm9sZSI6InVzZXIiLCJpYXQiOjE3NDUwNjkyMzYsImV4cCI6MTc0NTE1NTYzNn0.UaxKc_uzNFt7qiRFgOolgJFLx-IcZD9smPIB9Asq8h-FQ2A930ggzAcXqU6wco1M1K7OMk_MV_WdxjUZwycXSA
2025-05-01T00:03:38.501+01:00 ERROR 39992 --- [http-nio-8080-exec-7] uk.ac.ncl.team5project.util.JwtUtil      : Invalid JWT signature: JWT expired at 2025-04-20T14:27:16Z. Current time: 2025-05-01T00:03:38Z, a difference of 898582501 milliseconds.  Allowed clock skew: 0 milliseconds.
2025-05-01T00:03:38.502+01:00  WARN 39992 --- [http-nio-8080-exec-7] u.a.n.t.config.JwtAuthenticationFilter   : Invalid JWT token
2025-05-01T00:06:54.454+01:00 DEBUG 39992 --- [http-nio-8080-exec-9] u.a.n.t.config.JwtAuthenticationFilter   : Parsing JWT from Authorization header: null
2025-05-01T00:06:54.454+01:00 DEBUG 39992 --- [http-nio-8080-exec-9] u.a.n.t.config.JwtAuthenticationFilter   : Received request for URL: http://localhost:8080/v1/users/login
2025-05-01T00:06:54.454+01:00 DEBUG 39992 --- [http-nio-8080-exec-9] u.a.n.t.config.JwtAuthenticationFilter   : Authorization header: null
2025-05-01T00:06:54.454+01:00 DEBUG 39992 --- [http-nio-8080-exec-9] u.a.n.t.config.JwtAuthenticationFilter   : No JWT token found in request
2025-05-01T00:06:54.551+01:00 DEBUG 39992 --- [http-nio-8080-exec-9] uk.ac.ncl.team5project.util.JwtUtil      : Generating JWT token for username: 111@11.com, role: user
2025-05-01T00:06:54.555+01:00 DEBUG 39992 --- [http-nio-8080-exec-9] uk.ac.ncl.team5project.util.JwtUtil      : Generated token: eyJhbGciOiJIUzUxMiJ9.eyJzdWIiOiIxMTFAMTEuY29tIiwicm9sZSI6InVzZXIiLCJpYXQiOjE3NDYwNTQ0MTQsImV4cCI6MTc0NjE0MDgxNH0.C64s_H7UsdoYRSzladx4TQzN4MHRZPxyb7J1wEPcPCuN4uCc4jvXcxqqzgDcjhVmOQCNJJIfEDpzM3Jdj62ejQ
2025-05-01T00:07:06.122+01:00 DEBUG 39992 --- [http-nio-8080-exec-6] u.a.n.t.config.JwtAuthenticationFilter   : Parsing JWT from Authorization header: Bearer eyJhbGciOiJIUzUxMiJ9.eyJzdWIiOiIxMTFAMTEuY29tIiwicm9sZSI6InVzZXIiLCJpYXQiOjE3NDYwNTQ0MTQsImV4cCI6MTc0NjE0MDgxNH0.C64s_H7UsdoYRSzladx4TQzN4MHRZPxyb7J1wEPcPCuN4uCc4jvXcxqqzgDcjhVmOQCNJJIfEDpzM3Jdj62ejQ
2025-05-01T00:07:06.122+01:00 DEBUG 39992 --- [http-nio-8080-exec-6] u.a.n.t.config.JwtAuthenticationFilter   : Received request for URL: http://localhost:8080/v1/users/me
2025-05-01T00:07:06.122+01:00 DEBUG 39992 --- [http-nio-8080-exec-6] u.a.n.t.config.JwtAuthenticationFilter   : Authorization header: Bearer eyJhbGciOiJIUzUxMiJ9.eyJzdWIiOiIxMTFAMTEuY29tIiwicm9sZSI6InVzZXIiLCJpYXQiOjE3NDYwNTQ0MTQsImV4cCI6MTc0NjE0MDgxNH0.C64s_H7UsdoYRSzladx4TQzN4MHRZPxyb7J1wEPcPCuN4uCc4jvXcxqqzgDcjhVmOQCNJJIfEDpzM3Jdj62ejQ
2025-05-01T00:07:06.122+01:00 DEBUG 39992 --- [http-nio-8080-exec-6] u.a.n.t.config.JwtAuthenticationFilter   : JWT token found: eyJhbGciOiJIUzUxMiJ9.eyJzdWIiOiIxMTFAMTEuY29tIiwicm9sZSI6InVzZXIiLCJpYXQiOjE3NDYwNTQ0MTQsImV4cCI6MTc0NjE0MDgxNH0.C64s_H7UsdoYRSzladx4TQzN4MHRZPxyb7J1wEPcPCuN4uCc4jvXcxqqzgDcjhVmOQCNJJIfEDpzM3Jdj62ejQ
2025-05-01T00:07:06.123+01:00 DEBUG 39992 --- [http-nio-8080-exec-6] uk.ac.ncl.team5project.util.JwtUtil      : JWT token validation successful
2025-05-01T00:07:06.123+01:00 DEBUG 39992 --- [http-nio-8080-exec-6] uk.ac.ncl.team5project.util.JwtUtil      : Extracted username from token: 111@11.com
2025-05-01T00:07:06.123+01:00 DEBUG 39992 --- [http-nio-8080-exec-6] uk.ac.ncl.team5project.util.JwtUtil      : Extracted role from token: user
2025-05-01T00:07:06.123+01:00 DEBUG 39992 --- [http-nio-8080-exec-6] u.a.n.t.config.JwtAuthenticationFilter   : Valid JWT token - Username: 111@11.com, Role: user
2025-05-01T00:07:06.124+01:00 DEBUG 39992 --- [http-nio-8080-exec-6] u.a.n.t.config.JwtAuthenticationFilter   : Authentication set in SecurityContext
2025-05-01T00:37:18.220+01:00  INFO 39992 --- [SpringApplicationShutdownHook] org.quartz.core.QuartzScheduler          : Scheduler quartzScheduler_$_NON_CLUSTERED paused.
2025-05-01T00:37:18.221+01:00  INFO 39992 --- [SpringApplicationShutdownHook] o.s.b.w.e.tomcat.GracefulShutdown        : Commencing graceful shutdown. Waiting for active requests to complete
2025-05-01T00:37:18.227+01:00  INFO 39992 --- [tomcat-shutdown] o.s.b.w.e.tomcat.GracefulShutdown        : Graceful shutdown complete
2025-05-01T00:37:18.229+01:00  INFO 39992 --- [SpringApplicationShutdownHook] o.s.s.quartz.SchedulerFactoryBean        : Shutting down Quartz Scheduler
2025-05-01T00:37:18.229+01:00  INFO 39992 --- [SpringApplicationShutdownHook] org.quartz.core.QuartzScheduler          : Scheduler quartzScheduler_$_NON_CLUSTERED shutting down.
2025-05-01T00:37:18.229+01:00  INFO 39992 --- [SpringApplicationShutdownHook] org.quartz.core.QuartzScheduler          : Scheduler quartzScheduler_$_NON_CLUSTERED paused.
2025-05-01T00:37:18.229+01:00  INFO 39992 --- [SpringApplicationShutdownHook] org.quartz.core.QuartzScheduler          : Scheduler quartzScheduler_$_NON_CLUSTERED shutdown complete.
2025-05-01T00:37:18.231+01:00  INFO 39992 --- [SpringApplicationShutdownHook] j.LocalContainerEntityManagerFactoryBean : Closing JPA EntityManagerFactory for persistence unit 'default'
2025-05-01T00:37:18.233+01:00  INFO 39992 --- [SpringApplicationShutdownHook] com.zaxxer.hikari.HikariDataSource       : HikariPool-1 - Shutdown initiated...
2025-05-01T00:37:18.237+01:00  INFO 39992 --- [SpringApplicationShutdownHook] com.zaxxer.hikari.HikariDataSource       : HikariPool-1 - Shutdown completed.
